C53 Portfolio Generation Log
========================================
Generated: 2025-10-20 14:42:40.225109Z
Duration: 87ms

SUMMARY
----------------------------------------
Total Tasks: 40
Successful: 40
Warnings: 0
Failed: 0

SUCCESSFUL PAGES (40)
----------------------------------------
✓ index.html (es)
✓ 404.html (es)
✓ styles/ copy
✓ img/ copy
✓ logo copy
✓ opus_53.html (es)
✓ monoambiente.html (es)
✓ muros_blandos.html (es)
✓ diluvio.html (es)
✓ ojos.html (es)
✓ miradas-en-el-cielo.html (es)
✓ luna.html (es)
✓ poesia-aerea.html (es)
✓ continuum.html (es)
✓ 1-2.html (es)
✓ qr.html (es)
✓ montanha.html (es)
✓ ahogado.html (es)
✓ constante.html (es)
✓ vuelo-nocturno.html (es)
✓ index.html (en)
✓ 404.html (en)
✓ styles/ copy
✓ img/ copy
✓ logo copy
✓ opus_53.html (en)
✓ monoambiente.html (en)
✓ muros_blandos.html (en)
✓ diluvio.html (en)
✓ ojos.html (en)
✓ miradas-en-el-cielo.html (en)
✓ luna.html (en)
✓ poesia-aerea.html (en)
✓ continuum.html (en)
✓ 1-2.html (en)
✓ qr.html (en)
✓ montanha.html (en)
✓ ahogado.html (en)
✓ constante.html (en)
✓ vuelo-nocturno.html (en)



